\BOOKMARK [1][-]{section.1}{Project Setup}{}% 1
\BOOKMARK [2][-]{subsection.1.1}{Project Directory Structure}{section.1}% 2
\BOOKMARK [3][-]{subsubsection.1.1.1}{CentOS 7}{subsection.1.1}% 3
\BOOKMARK [3][-]{subsubsection.1.1.2}{RHEL 7}{subsection.1.1}% 4
\BOOKMARK [2][-]{subsection.1.2}{Creating a Demo Namespace on Kubernetes}{section.1}% 5
\BOOKMARK [2][-]{subsection.1.3}{Creating a Demo Namespace on OpenShift}{section.1}% 6
\BOOKMARK [2][-]{subsection.1.4}{Installing PostgreSQL}{section.1}% 7
\BOOKMARK [1][-]{section.2}{Docker Environment}{}% 8
\BOOKMARK [2][-]{subsection.2.1}{Build the Containers}{section.2}% 9
\BOOKMARK [1][-]{section.3}{Configure Container Storage}{}% 10
\BOOKMARK [2][-]{subsection.3.1}{Configure HostPath}{section.3}% 11
\BOOKMARK [2][-]{subsection.3.2}{Configure NFS for Persistence}{section.3}% 12
\BOOKMARK [2][-]{subsection.3.3}{Configure Gluster for Persistence}{section.3}% 13
\BOOKMARK [1][-]{section.4}{OpenShift Environment}{}% 14
\BOOKMARK [1][-]{section.5}{Kubernetes Environment}{}% 15
\BOOKMARK [2][-]{subsection.5.1}{Helm \(optional\)}{section.5}% 16
\BOOKMARK [2][-]{subsection.5.2}{DNS}{section.5}% 17
\BOOKMARK [2][-]{subsection.5.3}{Google Cloud Environment}{section.5}% 18
\BOOKMARK [2][-]{subsection.5.4}{Tips}{section.5}% 19
\BOOKMARK [1][-]{section.6}{Legal Notices}{}% 20
